dom 24 mar 2024 23:59:11 -03: Uploading IMG-20150628-WA0002.jpg to Nextcloud.
dom 24 mar 2024 23:59:14 -03: Upload finished.
dom 24 mar 2024 23:59:15 -03: Uploading IMG-20150628-WA0003.jpg to Nextcloud.
dom 24 mar 2024 23:59:17 -03: Upload finished.
dom 24 mar 2024 23:59:17 -03: Uploading IMG-20160109-WA0000.jpg to Nextcloud.
dom 24 mar 2024 23:59:19 -03: Upload finished.
dom 24 mar 2024 23:59:20 -03: Uploading IMG-20160109-WA0001.jpg to Nextcloud.
dom 24 mar 2024 23:59:22 -03: Upload finished.
dom 24 mar 2024 23:59:23 -03: Uploading IMG-20160109-WA0002.jpg to Nextcloud.
dom 24 mar 2024 23:59:25 -03: Upload finished.
dom 24 mar 2024 23:59:26 -03: Uploading IMG-20160109-WA0003.jpg to Nextcloud.
dom 24 mar 2024 23:59:28 -03: Upload finished.
dom 24 mar 2024 23:59:29 -03: Uploading IMG-20161017-WA0000.jpg to Nextcloud.
dom 24 mar 2024 23:59:31 -03: Upload finished.
dom 24 mar 2024 23:59:31 -03: Uploading IMG-20161024-WA0010.jpg to Nextcloud.
dom 24 mar 2024 23:59:34 -03: Upload finished.
dom 24 mar 2024 23:59:35 -03: Uploading IMG-20161217-WA0004.jpg to Nextcloud.
dom 24 mar 2024 23:59:37 -03: Upload finished.
dom 24 mar 2024 23:59:37 -03: Uploading IMG-20170114-WA0027.jpg to Nextcloud.
dom 24 mar 2024 23:59:39 -03: Upload finished.
dom 24 mar 2024 23:59:40 -03: Uploading IMG-20170114-WA0039.jpg to Nextcloud.
dom 24 mar 2024 23:59:42 -03: Upload finished.
dom 24 mar 2024 23:59:43 -03: Uploading IMG-20170114-WA0040.jpg to Nextcloud.
dom 24 mar 2024 23:59:45 -03: Upload finished.
dom 24 mar 2024 23:59:46 -03: Uploading IMG_20161016_132508941.jpg to Nextcloud.
dom 24 mar 2024 23:59:48 -03: Upload finished.
dom 24 mar 2024 23:59:49 -03: Uploading IMG_20161016_135703797.jpg to Nextcloud.
dom 24 mar 2024 23:59:51 -03: Upload finished.
dom 24 mar 2024 23:59:52 -03: Uploading 12165986_1660538804192131_250104202_n.jpg to Nextcloud.
dom 24 mar 2024 23:59:54 -03: Upload finished.
dom 24 mar 2024 23:59:55 -03: Uploading 12166235_1660538824192129_1916459652_n.jpg to Nextcloud.
dom 24 mar 2024 23:59:57 -03: Upload finished.
dom 24 mar 2024 23:59:58 -03: Uploading 12166674_1660538507525494_1100657382_n.jpg to Nextcloud.
seg 25 mar 2024 00:00:00 -03: Upload finished.
seg 25 mar 2024 00:00:01 -03: Uploading 12166771_1660538427525502_565024627_n.jpg to Nextcloud.
seg 25 mar 2024 00:00:03 -03: Upload finished.
seg 25 mar 2024 00:00:04 -03: Uploading 12170170_1660538477525497_1990763295_n.jpg to Nextcloud.
seg 25 mar 2024 00:00:06 -03: Upload finished.
seg 25 mar 2024 00:00:07 -03: Uploading 12170588_1660538557525489_1905346814_n.jpg to Nextcloud.
seg 25 mar 2024 00:00:09 -03: Upload finished.
seg 25 mar 2024 00:00:10 -03: Uploading 12170643_1660538437525501_1302321803_n.jpg to Nextcloud.
seg 25 mar 2024 00:00:12 -03: Upload finished.
seg 25 mar 2024 00:00:12 -03: Uploading 13895369_10154067297802928_1085057868333975570_n.jpg to Nextcloud.
seg 25 mar 2024 00:00:14 -03: Upload finished.
seg 25 mar 2024 00:00:15 -03: Uploading 17426204_10154821919222928_7579448974747435978_n.jpg to Nextcloud.
seg 25 mar 2024 00:00:17 -03: Upload finished.
seg 25 mar 2024 00:00:18 -03: Uploading 17498848_10154821919232928_5081769353005129716_n.jpg to Nextcloud.
seg 25 mar 2024 00:00:20 -03: Upload finished.
seg 25 mar 2024 00:00:21 -03: Uploading 19075029_10155098108807928_1149541045_n.jpg to Nextcloud.
seg 25 mar 2024 00:00:23 -03: Upload finished.
seg 25 mar 2024 00:00:23 -03: Uploading bFLvuS5L_400x400.jpg to Nextcloud.
seg 25 mar 2024 00:00:25 -03: Upload finished.
seg 25 mar 2024 00:00:26 -03: Uploading IMG-20150628-WA0001.jpg to Nextcloud.
seg 25 mar 2024 00:00:28 -03: Upload finished.
